Flow report for klok
Fri Mar 20 09:37:43 2009
Quartus II Version 8.0 Build 231 07/10/2008 Service Pack 1 SJ Web Edition


---------------------
; Table of Contents ;
---------------------
  1. Legal Notice
  2. Flow Summary
  3. Flow Settings
  4. Flow Non-Default Global Settings
  5. Flow Elapsed Time
  6. Flow Log



----------------
; Legal Notice ;
----------------
Copyright (C) 1991-2008 Altera Corporation
Your use of Altera Corporation's design tools, logic functions 
and other software and tools, and its AMPP partner logic 
functions, and any output files from any of the foregoing 
(including device programming or simulation files), and any 
associated documentation or information are expressly subject 
to the terms and conditions of the Altera Program License 
Subscription Agreement, Altera MegaCore Function License 
Agreement, or other applicable license agreement, including, 
without limitation, that your use is for the sole purpose of 
programming logic devices manufactured by Altera and sold by 
Altera or its authorized distributors.  Please refer to the 
applicable agreement for further details.



+-------------------------------------------------------------------------+
; Flow Summary                                                            ;
+--------------------------+----------------------------------------------+
; Flow Status              ; Successful - Fri Mar 20 09:37:43 2009        ;
; Quartus II Version       ; 8.0 Build 231 07/10/2008 SP 1 SJ Web Edition ;
; Revision Name            ; klok                                         ;
; Top-level Entity Name    ; klok                                         ;
; Family                   ; MAX II                                       ;
; Device                   ; EPM2210GF324I5                               ;
; Timing Models            ; Final                                        ;
; Met timing requirements  ; Yes                                          ;
; Total logic elements     ; 67 / 2,210 ( 3 % )                           ;
; Total pins               ; 3 / 272 ( 1 % )                              ;
; Total virtual pins       ; 0                                            ;
; Total memory bits        ; 0                                            ;
; DSP block 9-bit elements ; 0                                            ;
; Total PLLs               ; 0                                            ;
; Total DLLs               ; 0                                            ;
; UFM blocks               ; 0 / 1 ( 0 % )                                ;
+--------------------------+----------------------------------------------+


+-----------------------------------------+
; Flow Settings                           ;
+-------------------+---------------------+
; Option            ; Setting             ;
+-------------------+---------------------+
; Start date & time ; 03/20/2009 09:37:31 ;
; Main task         ; Compilation         ;
; Revision Name     ; klok                ;
+-------------------+---------------------+


+-------------------------------------------------------------------------------------------------------------+
; Flow Non-Default Global Settings                                                                            ;
+------------------------------------+-----------------------------+---------------+-------------+------------+
; Assignment Name                    ; Value                       ; Default Value ; Entity Name ; Section Id ;
+------------------------------------+-----------------------------+---------------+-------------+------------+
; COMPILER_SIGNATURE_ID              ; 93132839357.123753825105400 ; --            ; --          ; --         ;
; MAX_CORE_JUNCTION_TEMP             ; 100                         ; --            ; --          ; --         ;
; MIN_CORE_JUNCTION_TEMP             ; -40                         ; --            ; --          ; --         ;
; USE_GENERATED_PHYSICAL_CONSTRAINTS ; Off                         ; --            ; --          ; eda_palace ;
+------------------------------------+-----------------------------+---------------+-------------+------------+


+-----------------------------------------------------------------------------------------------------------------------------+
; Flow Elapsed Time                                                                                                           ;
+-------------------------+--------------+-------------------------+---------------------+------------------------------------+
; Module Name             ; Elapsed Time ; Average Processors Used ; Peak Virtual Memory ; Total CPU Time (on all processors) ;
+-------------------------+--------------+-------------------------+---------------------+------------------------------------+
; Analysis & Synthesis    ; 00:00:03     ; 1.0                     ; 189 MB              ; 00:00:02                           ;
; Fitter                  ; 00:00:02     ; 1.0                     ; 181 MB              ; 00:00:02                           ;
; Assembler               ; 00:00:00     ; 1.0                     ; 157 MB              ; 00:00:01                           ;
; Classic Timing Analyzer ; 00:00:01     ; 1.0                     ; 126 MB              ; 00:00:01                           ;
; Total                   ; 00:00:06     ; --                      ; --                  ; 00:00:06                           ;
+-------------------------+--------------+-------------------------+---------------------+------------------------------------+


------------
; Flow Log ;
------------
quartus_map --read_settings_files=on --write_settings_files=off klok -c klok
quartus_fit --read_settings_files=off --write_settings_files=off klok -c klok
quartus_asm --read_settings_files=off --write_settings_files=off klok -c klok
quartus_tan --read_settings_files=off --write_settings_files=off klok -c klok



