Classic Timing Analyzer report for klok
Fri Mar 20 09:37:43 2009
Quartus II Version 8.0 Build 231 07/10/2008 Service Pack 1 SJ Web Edition


---------------------
; Table of Contents ;
---------------------
  1. Legal Notice
  2. Timing Analyzer Summary
  3. Timing Analyzer Settings
  4. Clock Settings Summary
  5. Clock Setup: 'clock_in'
  6. tsu
  7. tco
  8. th
  9. Timing Analyzer Messages



----------------
; Legal Notice ;
----------------
Copyright (C) 1991-2008 Altera Corporation
Your use of Altera Corporation's design tools, logic functions 
and other software and tools, and its AMPP partner logic 
functions, and any output files from any of the foregoing 
(including device programming or simulation files), and any 
associated documentation or information are expressly subject 
to the terms and conditions of the Altera Program License 
Subscription Agreement, Altera MegaCore Function License 
Agreement, or other applicable license agreement, including, 
without limitation, that your use is for the sole purpose of 
programming logic devices manufactured by Altera and sold by 
Altera or its authorized distributors.  Please refer to the 
applicable agreement for further details.



+------------------------------------------------------------------------------------------------------------------------------------------------------------------+
; Timing Analyzer Summary                                                                                                                                          ;
+------------------------------+-------+---------------+----------------------------------+----------------+----------------+------------+----------+--------------+
; Type                         ; Slack ; Required Time ; Actual Time                      ; From           ; To             ; From Clock ; To Clock ; Failed Paths ;
+------------------------------+-------+---------------+----------------------------------+----------------+----------------+------------+----------+--------------+
; Worst-case tsu               ; N/A   ; None          ; 2.191 ns                         ; reset          ; s_klok         ; --         ; clock_in ; 0            ;
; Worst-case tco               ; N/A   ; None          ; 10.394 ns                        ; s_klok         ; clock_uit      ; clock_in   ; --       ; 0            ;
; Worst-case th                ; N/A   ; None          ; -1.637 ns                        ; reset          ; s_klok         ; --         ; clock_in ; 0            ;
; Clock Setup: 'clock_in'      ; N/A   ; None          ; 100.56 MHz ( period = 9.944 ns ) ; \deler:cnt[19] ; \deler:cnt[16] ; clock_in   ; clock_in ; 0            ;
; Total number of failed paths ;       ;               ;                                  ;                ;                ;            ;          ; 0            ;
+------------------------------+-------+---------------+----------------------------------+----------------+----------------+------------+----------+--------------+


+--------------------------------------------------------------------------------------------------------------------+
; Timing Analyzer Settings                                                                                           ;
+---------------------------------------------------------------------+--------------------+------+----+-------------+
; Option                                                              ; Setting            ; From ; To ; Entity Name ;
+---------------------------------------------------------------------+--------------------+------+----+-------------+
; Device Name                                                         ; EPM2210GF324I5     ;      ;    ;             ;
; Timing Models                                                       ; Final              ;      ;    ;             ;
; Default hold multicycle                                             ; Same as Multicycle ;      ;    ;             ;
; Cut paths between unrelated clock domains                           ; On                 ;      ;    ;             ;
; Cut off read during write signal paths                              ; On                 ;      ;    ;             ;
; Cut off feedback from I/O pins                                      ; On                 ;      ;    ;             ;
; Report Combined Fast/Slow Timing                                    ; Off                ;      ;    ;             ;
; Ignore Clock Settings                                               ; Off                ;      ;    ;             ;
; Analyze latches as synchronous elements                             ; On                 ;      ;    ;             ;
; Enable Recovery/Removal analysis                                    ; Off                ;      ;    ;             ;
; Enable Clock Latency                                                ; Off                ;      ;    ;             ;
; Use TimeQuest Timing Analyzer                                       ; Off                ;      ;    ;             ;
; Minimum Core Junction Temperature                                   ; -40                ;      ;    ;             ;
; Maximum Core Junction Temperature                                   ; 100                ;      ;    ;             ;
; Number of source nodes to report per destination node               ; 10                 ;      ;    ;             ;
; Number of destination nodes to report                               ; 10                 ;      ;    ;             ;
; Number of paths to report                                           ; 200                ;      ;    ;             ;
; Report Minimum Timing Checks                                        ; Off                ;      ;    ;             ;
; Use Fast Timing Models                                              ; Off                ;      ;    ;             ;
; Report IO Paths Separately                                          ; Off                ;      ;    ;             ;
; Perform Multicorner Analysis                                        ; Off                ;      ;    ;             ;
; Reports the worst-case path for each clock domain and analysis      ; Off                ;      ;    ;             ;
; Removes common clock path pessimism (CCPP) during slack computation ; Off                ;      ;    ;             ;
+---------------------------------------------------------------------+--------------------+------+----+-------------+


+------------------------------------------------------------------------------------------------------------------------------------------------------------------------------------+
; Clock Settings Summary                                                                                                                                                             ;
+-----------------+--------------------+----------+------------------+---------------+--------------+----------+-----------------------+---------------------+--------+--------------+
; Clock Node Name ; Clock Setting Name ; Type     ; Fmax Requirement ; Early Latency ; Late Latency ; Based on ; Multiply Base Fmax by ; Divide Base Fmax by ; Offset ; Phase offset ;
+-----------------+--------------------+----------+------------------+---------------+--------------+----------+-----------------------+---------------------+--------+--------------+
; clock_in        ;                    ; User Pin ; None             ; 0.000 ns      ; 0.000 ns     ; --       ; N/A                   ; N/A                 ; N/A    ;              ;
+-----------------+--------------------+----------+------------------+---------------+--------------+----------+-----------------------+---------------------+--------+--------------+


+---------------------------------------------------------------------------------------------------------------------------------------------------------------------------------------------------------------------------------------------+
; Clock Setup: 'clock_in'                                                                                                                                                                                                                     ;
+-----------------------------------------+-----------------------------------------------------+----------------+----------------+------------+----------+-----------------------------+---------------------------+-------------------------+
; Slack                                   ; Actual fmax (period)                                ; From           ; To             ; From Clock ; To Clock ; Required Setup Relationship ; Required Longest P2P Time ; Actual Longest P2P Time ;
+-----------------------------------------+-----------------------------------------------------+----------------+----------------+------------+----------+-----------------------------+---------------------------+-------------------------+
; N/A                                     ; 100.56 MHz ( period = 9.944 ns )                    ; \deler:cnt[19] ; \deler:cnt[16] ; clock_in   ; clock_in ; None                        ; None                      ; 9.235 ns                ;
; N/A                                     ; 100.67 MHz ( period = 9.933 ns )                    ; \deler:cnt[19] ; \deler:cnt[14] ; clock_in   ; clock_in ; None                        ; None                      ; 9.224 ns                ;
; N/A                                     ; 101.75 MHz ( period = 9.828 ns )                    ; \deler:cnt[18] ; \deler:cnt[16] ; clock_in   ; clock_in ; None                        ; None                      ; 9.119 ns                ;
; N/A                                     ; 101.86 MHz ( period = 9.817 ns )                    ; \deler:cnt[18] ; \deler:cnt[14] ; clock_in   ; clock_in ; None                        ; None                      ; 9.108 ns                ;
; N/A                                     ; 104.93 MHz ( period = 9.530 ns )                    ; \deler:cnt[5]  ; \deler:cnt[11] ; clock_in   ; clock_in ; None                        ; None                      ; 8.821 ns                ;
; N/A                                     ; 106.12 MHz ( period = 9.423 ns )                    ; \deler:cnt[2]  ; \deler:cnt[11] ; clock_in   ; clock_in ; None                        ; None                      ; 8.714 ns                ;
; N/A                                     ; 107.32 MHz ( period = 9.318 ns )                    ; \deler:cnt[16] ; \deler:cnt[16] ; clock_in   ; clock_in ; None                        ; None                      ; 8.609 ns                ;
; N/A                                     ; 107.35 MHz ( period = 9.315 ns )                    ; \deler:cnt[19] ; \deler:cnt[0]  ; clock_in   ; clock_in ; None                        ; None                      ; 8.606 ns                ;
; N/A                                     ; 107.45 MHz ( period = 9.307 ns )                    ; \deler:cnt[16] ; \deler:cnt[14] ; clock_in   ; clock_in ; None                        ; None                      ; 8.598 ns                ;
; N/A                                     ; 107.97 MHz ( period = 9.262 ns )                    ; \deler:cnt[19] ; \deler:cnt[11] ; clock_in   ; clock_in ; None                        ; None                      ; 8.553 ns                ;
; N/A                                     ; 108.71 MHz ( period = 9.199 ns )                    ; \deler:cnt[18] ; \deler:cnt[0]  ; clock_in   ; clock_in ; None                        ; None                      ; 8.490 ns                ;
; N/A                                     ; 109.34 MHz ( period = 9.146 ns )                    ; \deler:cnt[18] ; \deler:cnt[11] ; clock_in   ; clock_in ; None                        ; None                      ; 8.437 ns                ;
; N/A                                     ; 109.63 MHz ( period = 9.122 ns )                    ; \deler:cnt[5]  ; \deler:cnt[22] ; clock_in   ; clock_in ; None                        ; None                      ; 8.413 ns                ;
; N/A                                     ; 109.75 MHz ( period = 9.112 ns )                    ; \deler:cnt[5]  ; \deler:cnt[18] ; clock_in   ; clock_in ; None                        ; None                      ; 8.403 ns                ;
; N/A                                     ; 110.93 MHz ( period = 9.015 ns )                    ; \deler:cnt[2]  ; \deler:cnt[22] ; clock_in   ; clock_in ; None                        ; None                      ; 8.306 ns                ;
; N/A                                     ; 111.05 MHz ( period = 9.005 ns )                    ; \deler:cnt[2]  ; \deler:cnt[18] ; clock_in   ; clock_in ; None                        ; None                      ; 8.296 ns                ;
; N/A                                     ; 112.22 MHz ( period = 8.911 ns )                    ; \deler:cnt[6]  ; \deler:cnt[16] ; clock_in   ; clock_in ; None                        ; None                      ; 8.202 ns                ;
; N/A                                     ; 112.68 MHz ( period = 8.875 ns )                    ; \deler:cnt[1]  ; \deler:cnt[11] ; clock_in   ; clock_in ; None                        ; None                      ; 8.166 ns                ;
; N/A                                     ; 113.12 MHz ( period = 8.840 ns )                    ; \deler:cnt[11] ; \deler:cnt[16] ; clock_in   ; clock_in ; None                        ; None                      ; 8.131 ns                ;
; N/A                                     ; 113.17 MHz ( period = 8.836 ns )                    ; \deler:cnt[6]  ; \deler:cnt[20] ; clock_in   ; clock_in ; None                        ; None                      ; 8.127 ns                ;
; N/A                                     ; 113.20 MHz ( period = 8.834 ns )                    ; \deler:cnt[6]  ; \deler:cnt[25] ; clock_in   ; clock_in ; None                        ; None                      ; 8.125 ns                ;
; N/A                                     ; 113.42 MHz ( period = 8.817 ns )                    ; \deler:cnt[5]  ; \deler:cnt[19] ; clock_in   ; clock_in ; None                        ; None                      ; 8.108 ns                ;
; N/A                                     ; 113.42 MHz ( period = 8.817 ns )                    ; \deler:cnt[8]  ; \deler:cnt[16] ; clock_in   ; clock_in ; None                        ; None                      ; 8.108 ns                ;
; N/A                                     ; 113.43 MHz ( period = 8.816 ns )                    ; \deler:cnt[5]  ; \deler:cnt[20] ; clock_in   ; clock_in ; None                        ; None                      ; 8.107 ns                ;
; N/A                                     ; 113.47 MHz ( period = 8.813 ns )                    ; \deler:cnt[5]  ; \deler:cnt[21] ; clock_in   ; clock_in ; None                        ; None                      ; 8.104 ns                ;
; N/A                                     ; 113.65 MHz ( period = 8.799 ns )                    ; \deler:cnt[5]  ; \deler:cnt[24] ; clock_in   ; clock_in ; None                        ; None                      ; 8.090 ns                ;
; N/A                                     ; 114.01 MHz ( period = 8.771 ns )                    ; \deler:cnt[6]  ; \deler:cnt[11] ; clock_in   ; clock_in ; None                        ; None                      ; 8.062 ns                ;
; N/A                                     ; 114.08 MHz ( period = 8.766 ns )                    ; \deler:cnt[5]  ; \deler:cnt[0]  ; clock_in   ; clock_in ; None                        ; None                      ; 8.057 ns                ;
; N/A                                     ; 114.09 MHz ( period = 8.765 ns )                    ; \deler:cnt[11] ; \deler:cnt[20] ; clock_in   ; clock_in ; None                        ; None                      ; 8.056 ns                ;
; N/A                                     ; 114.10 MHz ( period = 8.764 ns )                    ; \deler:cnt[4]  ; \deler:cnt[11] ; clock_in   ; clock_in ; None                        ; None                      ; 8.055 ns                ;
; N/A                                     ; 114.12 MHz ( period = 8.763 ns )                    ; \deler:cnt[11] ; \deler:cnt[25] ; clock_in   ; clock_in ; None                        ; None                      ; 8.054 ns                ;
; N/A                                     ; 114.21 MHz ( period = 8.756 ns )                    ; \deler:cnt[7]  ; \deler:cnt[16] ; clock_in   ; clock_in ; None                        ; None                      ; 8.047 ns                ;
; N/A                                     ; 114.23 MHz ( period = 8.754 ns )                    ; \deler:cnt[24] ; \deler:cnt[16] ; clock_in   ; clock_in ; None                        ; None                      ; 8.045 ns                ;
; N/A                                     ; 114.38 MHz ( period = 8.743 ns )                    ; \deler:cnt[24] ; \deler:cnt[14] ; clock_in   ; clock_in ; None                        ; None                      ; 8.034 ns                ;
; N/A                                     ; 114.39 MHz ( period = 8.742 ns )                    ; \deler:cnt[8]  ; \deler:cnt[20] ; clock_in   ; clock_in ; None                        ; None                      ; 8.033 ns                ;
; N/A                                     ; 114.42 MHz ( period = 8.740 ns )                    ; \deler:cnt[8]  ; \deler:cnt[25] ; clock_in   ; clock_in ; None                        ; None                      ; 8.031 ns                ;
; N/A                                     ; 114.73 MHz ( period = 8.716 ns )                    ; \deler:cnt[12] ; \deler:cnt[16] ; clock_in   ; clock_in ; None                        ; None                      ; 8.007 ns                ;
; N/A                                     ; 114.81 MHz ( period = 8.710 ns )                    ; \deler:cnt[2]  ; \deler:cnt[19] ; clock_in   ; clock_in ; None                        ; None                      ; 8.001 ns                ;
; N/A                                     ; 114.82 MHz ( period = 8.709 ns )                    ; \deler:cnt[2]  ; \deler:cnt[20] ; clock_in   ; clock_in ; None                        ; None                      ; 8.000 ns                ;
; N/A                                     ; 114.86 MHz ( period = 8.706 ns )                    ; \deler:cnt[2]  ; \deler:cnt[21] ; clock_in   ; clock_in ; None                        ; None                      ; 7.997 ns                ;
; N/A                                     ; 115.05 MHz ( period = 8.692 ns )                    ; \deler:cnt[2]  ; \deler:cnt[24] ; clock_in   ; clock_in ; None                        ; None                      ; 7.983 ns                ;
; N/A                                     ; 115.09 MHz ( period = 8.689 ns )                    ; \deler:cnt[16] ; \deler:cnt[0]  ; clock_in   ; clock_in ; None                        ; None                      ; 7.980 ns                ;
; N/A                                     ; 115.19 MHz ( period = 8.681 ns )                    ; \deler:cnt[18] ; \deler:cnt[25] ; clock_in   ; clock_in ; None                        ; None                      ; 7.972 ns                ;
; N/A                                     ; 115.19 MHz ( period = 8.681 ns )                    ; \deler:cnt[7]  ; \deler:cnt[20] ; clock_in   ; clock_in ; None                        ; None                      ; 7.972 ns                ;
; N/A                                     ; 115.22 MHz ( period = 8.679 ns )                    ; \deler:cnt[7]  ; \deler:cnt[25] ; clock_in   ; clock_in ; None                        ; None                      ; 7.970 ns                ;
; N/A                                     ; 115.31 MHz ( period = 8.672 ns )                    ; \deler:cnt[30] ; \deler:cnt[16] ; clock_in   ; clock_in ; None                        ; None                      ; 7.963 ns                ;
; N/A                                     ; 115.38 MHz ( period = 8.667 ns )                    ; \deler:cnt[9]  ; \deler:cnt[16] ; clock_in   ; clock_in ; None                        ; None                      ; 7.958 ns                ;
; N/A                                     ; 115.45 MHz ( period = 8.662 ns )                    ; \deler:cnt[2]  ; \deler:cnt[16] ; clock_in   ; clock_in ; None                        ; None                      ; 7.953 ns                ;
; N/A                                     ; 115.46 MHz ( period = 8.661 ns )                    ; \deler:cnt[30] ; \deler:cnt[14] ; clock_in   ; clock_in ; None                        ; None                      ; 7.952 ns                ;
; N/A                                     ; 115.49 MHz ( period = 8.659 ns )                    ; \deler:cnt[2]  ; \deler:cnt[0]  ; clock_in   ; clock_in ; None                        ; None                      ; 7.950 ns                ;
; N/A                                     ; 115.69 MHz ( period = 8.644 ns )                    ; \deler:cnt[6]  ; \deler:cnt[13] ; clock_in   ; clock_in ; None                        ; None                      ; 7.935 ns                ;
; N/A                                     ; 115.73 MHz ( period = 8.641 ns )                    ; \deler:cnt[12] ; \deler:cnt[20] ; clock_in   ; clock_in ; None                        ; None                      ; 7.932 ns                ;
; N/A                                     ; 115.75 MHz ( period = 8.639 ns )                    ; \deler:cnt[12] ; \deler:cnt[25] ; clock_in   ; clock_in ; None                        ; None                      ; 7.930 ns                ;
; N/A                                     ; 115.79 MHz ( period = 8.636 ns )                    ; \deler:cnt[16] ; \deler:cnt[11] ; clock_in   ; clock_in ; None                        ; None                      ; 7.927 ns                ;
; N/A                                     ; 116.39 MHz ( period = 8.592 ns )                    ; \deler:cnt[9]  ; \deler:cnt[20] ; clock_in   ; clock_in ; None                        ; None                      ; 7.883 ns                ;
; N/A                                     ; 116.41 MHz ( period = 8.590 ns )                    ; \deler:cnt[9]  ; \deler:cnt[25] ; clock_in   ; clock_in ; None                        ; None                      ; 7.881 ns                ;
; N/A                                     ; 116.48 MHz ( period = 8.585 ns )                    ; \deler:cnt[2]  ; \deler:cnt[25] ; clock_in   ; clock_in ; None                        ; None                      ; 7.876 ns                ;
; N/A                                     ; 116.56 MHz ( period = 8.579 ns )                    ; \deler:cnt[5]  ; s_klok         ; clock_in   ; clock_in ; None                        ; None                      ; 7.870 ns                ;
; N/A                                     ; 116.95 MHz ( period = 8.551 ns )                    ; \deler:cnt[13] ; \deler:cnt[16] ; clock_in   ; clock_in ; None                        ; None                      ; 7.842 ns                ;
; N/A                                     ; 116.96 MHz ( period = 8.550 ns )                    ; \deler:cnt[8]  ; \deler:cnt[13] ; clock_in   ; clock_in ; None                        ; None                      ; 7.841 ns                ;
; N/A                                     ; 117.16 MHz ( period = 8.535 ns )                    ; \deler:cnt[14] ; \deler:cnt[16] ; clock_in   ; clock_in ; None                        ; None                      ; 7.826 ns                ;
; N/A                                     ; 117.37 MHz ( period = 8.520 ns )                    ; \deler:cnt[6]  ; \deler:cnt[22] ; clock_in   ; clock_in ; None                        ; None                      ; 7.811 ns                ;
; N/A                                     ; 117.56 MHz ( period = 8.506 ns )                    ; \deler:cnt[28] ; \deler:cnt[16] ; clock_in   ; clock_in ; None                        ; None                      ; 7.797 ns                ;
; N/A                                     ; 117.72 MHz ( period = 8.495 ns )                    ; \deler:cnt[28] ; \deler:cnt[14] ; clock_in   ; clock_in ; None                        ; None                      ; 7.786 ns                ;
; N/A                                     ; 117.80 MHz ( period = 8.489 ns )                    ; \deler:cnt[7]  ; \deler:cnt[13] ; clock_in   ; clock_in ; None                        ; None                      ; 7.780 ns                ;
; N/A                                     ; 117.98 MHz ( period = 8.476 ns )                    ; \deler:cnt[13] ; \deler:cnt[20] ; clock_in   ; clock_in ; None                        ; None                      ; 7.767 ns                ;
; N/A                                     ; 117.99 MHz ( period = 8.475 ns )                    ; \deler:cnt[6]  ; \deler:cnt[26] ; clock_in   ; clock_in ; None                        ; None                      ; 7.766 ns                ;
; N/A                                     ; 118.01 MHz ( period = 8.474 ns )                    ; \deler:cnt[13] ; \deler:cnt[25] ; clock_in   ; clock_in ; None                        ; None                      ; 7.765 ns                ;
; N/A                                     ; 118.04 MHz ( period = 8.472 ns )                    ; \deler:cnt[2]  ; s_klok         ; clock_in   ; clock_in ; None                        ; None                      ; 7.763 ns                ;
; N/A                                     ; 118.11 MHz ( period = 8.467 ns )                    ; \deler:cnt[1]  ; \deler:cnt[22] ; clock_in   ; clock_in ; None                        ; None                      ; 7.758 ns                ;
; N/A                                     ; 118.19 MHz ( period = 8.461 ns )                    ; \deler:cnt[10] ; \deler:cnt[16] ; clock_in   ; clock_in ; None                        ; None                      ; 7.752 ns                ;
; N/A                                     ; 118.20 MHz ( period = 8.460 ns )                    ; \deler:cnt[14] ; \deler:cnt[20] ; clock_in   ; clock_in ; None                        ; None                      ; 7.751 ns                ;
; N/A                                     ; 118.23 MHz ( period = 8.458 ns )                    ; \deler:cnt[14] ; \deler:cnt[25] ; clock_in   ; clock_in ; None                        ; None                      ; 7.749 ns                ;
; N/A                                     ; 118.25 MHz ( period = 8.457 ns )                    ; \deler:cnt[1]  ; \deler:cnt[18] ; clock_in   ; clock_in ; None                        ; None                      ; 7.748 ns                ;
; N/A                                     ; 118.36 MHz ( period = 8.449 ns )                    ; \deler:cnt[11] ; \deler:cnt[22] ; clock_in   ; clock_in ; None                        ; None                      ; 7.740 ns                ;
; N/A                                     ; 118.47 MHz ( period = 8.441 ns )                    ; \deler:cnt[8]  ; \deler:cnt[11] ; clock_in   ; clock_in ; None                        ; None                      ; 7.732 ns                ;
; N/A                                     ; 118.48 MHz ( period = 8.440 ns )                    ; \deler:cnt[6]  ; \deler:cnt[18] ; clock_in   ; clock_in ; None                        ; None                      ; 7.731 ns                ;
; N/A                                     ; 118.58 MHz ( period = 8.433 ns )                    ; \deler:cnt[6]  ; \deler:cnt[27] ; clock_in   ; clock_in ; None                        ; None                      ; 7.724 ns                ;
; N/A                                     ; 118.68 MHz ( period = 8.426 ns )                    ; \deler:cnt[8]  ; \deler:cnt[22] ; clock_in   ; clock_in ; None                        ; None                      ; 7.717 ns                ;
; N/A                                     ; 118.99 MHz ( period = 8.404 ns )                    ; \deler:cnt[11] ; \deler:cnt[26] ; clock_in   ; clock_in ; None                        ; None                      ; 7.695 ns                ;
; N/A                                     ; 119.05 MHz ( period = 8.400 ns )                    ; \deler:cnt[9]  ; \deler:cnt[13] ; clock_in   ; clock_in ; None                        ; None                      ; 7.691 ns                ;
; N/A                                     ; 119.12 MHz ( period = 8.395 ns )                    ; \deler:cnt[2]  ; \deler:cnt[13] ; clock_in   ; clock_in ; None                        ; None                      ; 7.686 ns                ;
; N/A                                     ; 119.25 MHz ( period = 8.386 ns )                    ; \deler:cnt[10] ; \deler:cnt[20] ; clock_in   ; clock_in ; None                        ; None                      ; 7.677 ns                ;
; N/A                                     ; 119.27 MHz ( period = 8.384 ns )                    ; \deler:cnt[10] ; \deler:cnt[25] ; clock_in   ; clock_in ; None                        ; None                      ; 7.675 ns                ;
; N/A                                     ; 119.32 MHz ( period = 8.381 ns )                    ; \deler:cnt[8]  ; \deler:cnt[26] ; clock_in   ; clock_in ; None                        ; None                      ; 7.672 ns                ;
; N/A                                     ; 119.47 MHz ( period = 8.370 ns )                    ; \deler:cnt[4]  ; \deler:cnt[16] ; clock_in   ; clock_in ; None                        ; None                      ; 7.661 ns                ;
; N/A                                     ; 119.49 MHz ( period = 8.369 ns )                    ; \deler:cnt[11] ; \deler:cnt[18] ; clock_in   ; clock_in ; None                        ; None                      ; 7.660 ns                ;
; N/A                                     ; 119.52 MHz ( period = 8.367 ns )                    ; \deler:cnt[18] ; \deler:cnt[22] ; clock_in   ; clock_in ; None                        ; None                      ; 7.658 ns                ;
; N/A                                     ; 119.55 MHz ( period = 8.365 ns )                    ; \deler:cnt[7]  ; \deler:cnt[22] ; clock_in   ; clock_in ; None                        ; None                      ; 7.656 ns                ;
; N/A                                     ; 119.59 MHz ( period = 8.362 ns )                    ; \deler:cnt[11] ; \deler:cnt[27] ; clock_in   ; clock_in ; None                        ; None                      ; 7.653 ns                ;
; N/A                                     ; 119.67 MHz ( period = 8.356 ns )                    ; \deler:cnt[4]  ; \deler:cnt[22] ; clock_in   ; clock_in ; None                        ; None                      ; 7.647 ns                ;
; N/A                                     ; 119.82 MHz ( period = 8.346 ns )                    ; \deler:cnt[8]  ; \deler:cnt[18] ; clock_in   ; clock_in ; None                        ; None                      ; 7.637 ns                ;
; N/A                                     ; 119.82 MHz ( period = 8.346 ns )                    ; \deler:cnt[4]  ; \deler:cnt[18] ; clock_in   ; clock_in ; None                        ; None                      ; 7.637 ns                ;
; N/A                                     ; 119.92 MHz ( period = 8.339 ns )                    ; \deler:cnt[8]  ; \deler:cnt[27] ; clock_in   ; clock_in ; None                        ; None                      ; 7.630 ns                ;
; N/A                                     ; 119.96 MHz ( period = 8.336 ns )                    ; \deler:cnt[0]  ; \deler:cnt[11] ; clock_in   ; clock_in ; None                        ; None                      ; 7.627 ns                ;
; N/A                                     ; 120.12 MHz ( period = 8.325 ns )                    ; \deler:cnt[12] ; \deler:cnt[22] ; clock_in   ; clock_in ; None                        ; None                      ; 7.616 ns                ;
; N/A                                     ; 120.16 MHz ( period = 8.322 ns )                    ; \deler:cnt[18] ; \deler:cnt[26] ; clock_in   ; clock_in ; None                        ; None                      ; 7.613 ns                ;
; N/A                                     ; 120.19 MHz ( period = 8.320 ns )                    ; \deler:cnt[7]  ; \deler:cnt[26] ; clock_in   ; clock_in ; None                        ; None                      ; 7.611 ns                ;
; N/A                                     ; 120.19 MHz ( period = 8.320 ns )                    ; \deler:cnt[16] ; \deler:cnt[25] ; clock_in   ; clock_in ; None                        ; None                      ; 7.611 ns                ;
; N/A                                     ; 120.54 MHz ( period = 8.296 ns )                    ; \deler:cnt[15] ; \deler:cnt[16] ; clock_in   ; clock_in ; None                        ; None                      ; 7.587 ns                ;
; N/A                                     ; 120.55 MHz ( period = 8.295 ns )                    ; \deler:cnt[4]  ; \deler:cnt[20] ; clock_in   ; clock_in ; None                        ; None                      ; 7.586 ns                ;
; N/A                                     ; 120.58 MHz ( period = 8.293 ns )                    ; \deler:cnt[4]  ; \deler:cnt[25] ; clock_in   ; clock_in ; None                        ; None                      ; 7.584 ns                ;
; N/A                                     ; 120.64 MHz ( period = 8.289 ns )                    ; \deler:cnt[21] ; \deler:cnt[16] ; clock_in   ; clock_in ; None                        ; None                      ; 7.580 ns                ;
; N/A                                     ; 120.70 MHz ( period = 8.285 ns )                    ; \deler:cnt[7]  ; \deler:cnt[18] ; clock_in   ; clock_in ; None                        ; None                      ; 7.576 ns                ;
; N/A                                     ; 120.77 MHz ( period = 8.280 ns )                    ; \deler:cnt[12] ; \deler:cnt[26] ; clock_in   ; clock_in ; None                        ; None                      ; 7.571 ns                ;
; N/A                                     ; 120.77 MHz ( period = 8.280 ns )                    ; \deler:cnt[18] ; \deler:cnt[27] ; clock_in   ; clock_in ; None                        ; None                      ; 7.571 ns                ;
; N/A                                     ; 120.80 MHz ( period = 8.278 ns )                    ; \deler:cnt[7]  ; \deler:cnt[27] ; clock_in   ; clock_in ; None                        ; None                      ; 7.569 ns                ;
; N/A                                     ; 120.80 MHz ( period = 8.278 ns )                    ; \deler:cnt[21] ; \deler:cnt[14] ; clock_in   ; clock_in ; None                        ; None                      ; 7.569 ns                ;
; N/A                                     ; 120.83 MHz ( period = 8.276 ns )                    ; \deler:cnt[9]  ; \deler:cnt[22] ; clock_in   ; clock_in ; None                        ; None                      ; 7.567 ns                ;
; N/A                                     ; 121.23 MHz ( period = 8.249 ns )                    ; \deler:cnt[18] ; \deler:cnt[20] ; clock_in   ; clock_in ; None                        ; None                      ; 7.540 ns                ;
; N/A                                     ; 121.23 MHz ( period = 8.249 ns )                    ; \deler:cnt[6]  ; \deler:cnt[19] ; clock_in   ; clock_in ; None                        ; None                      ; 7.540 ns                ;
; N/A                                     ; 121.29 MHz ( period = 8.245 ns )                    ; \deler:cnt[12] ; \deler:cnt[18] ; clock_in   ; clock_in ; None                        ; None                      ; 7.536 ns                ;
; N/A                                     ; 121.39 MHz ( period = 8.238 ns )                    ; \deler:cnt[12] ; \deler:cnt[27] ; clock_in   ; clock_in ; None                        ; None                      ; 7.529 ns                ;
; N/A                                     ; 121.40 MHz ( period = 8.237 ns )                    ; \deler:cnt[6]  ; \deler:cnt[24] ; clock_in   ; clock_in ; None                        ; None                      ; 7.528 ns                ;
; N/A                                     ; 121.45 MHz ( period = 8.234 ns )                    ; \deler:cnt[5]  ; \deler:cnt[16] ; clock_in   ; clock_in ; None                        ; None                      ; 7.525 ns                ;
; N/A                                     ; 121.49 MHz ( period = 8.231 ns )                    ; \deler:cnt[9]  ; \deler:cnt[26] ; clock_in   ; clock_in ; None                        ; None                      ; 7.522 ns                ;
; N/A                                     ; 121.57 MHz ( period = 8.226 ns )                    ; \deler:cnt[2]  ; \deler:cnt[26] ; clock_in   ; clock_in ; None                        ; None                      ; 7.517 ns                ;
; N/A                                     ; 121.64 MHz ( period = 8.221 ns )                    ; \deler:cnt[15] ; \deler:cnt[20] ; clock_in   ; clock_in ; None                        ; None                      ; 7.512 ns                ;
; N/A                                     ; 121.67 MHz ( period = 8.219 ns )                    ; \deler:cnt[15] ; \deler:cnt[25] ; clock_in   ; clock_in ; None                        ; None                      ; 7.510 ns                ;
; N/A                                     ; 121.79 MHz ( period = 8.211 ns )                    ; \deler:cnt[11] ; \deler:cnt[11] ; clock_in   ; clock_in ; None                        ; None                      ; 7.502 ns                ;
; N/A                                     ; 122.01 MHz ( period = 8.196 ns )                    ; \deler:cnt[19] ; \deler:cnt[19] ; clock_in   ; clock_in ; None                        ; None                      ; 7.487 ns                ;
; N/A                                     ; 122.01 MHz ( period = 8.196 ns )                    ; \deler:cnt[9]  ; \deler:cnt[18] ; clock_in   ; clock_in ; None                        ; None                      ; 7.487 ns                ;
; N/A                                     ; 122.03 MHz ( period = 8.195 ns )                    ; \deler:cnt[19] ; \deler:cnt[20] ; clock_in   ; clock_in ; None                        ; None                      ; 7.486 ns                ;
; N/A                                     ; 122.04 MHz ( period = 8.194 ns )                    ; \deler:cnt[10] ; \deler:cnt[13] ; clock_in   ; clock_in ; None                        ; None                      ; 7.485 ns                ;
; N/A                                     ; 122.06 MHz ( period = 8.193 ns )                    ; \deler:cnt[19] ; \deler:cnt[21] ; clock_in   ; clock_in ; None                        ; None                      ; 7.484 ns                ;
; N/A                                     ; 122.12 MHz ( period = 8.189 ns )                    ; \deler:cnt[9]  ; \deler:cnt[27] ; clock_in   ; clock_in ; None                        ; None                      ; 7.480 ns                ;
; N/A                                     ; 122.19 MHz ( period = 8.184 ns )                    ; \deler:cnt[2]  ; \deler:cnt[27] ; clock_in   ; clock_in ; None                        ; None                      ; 7.475 ns                ;
; N/A                                     ; 122.19 MHz ( period = 8.184 ns )                    ; \deler:cnt[9]  ; \deler:cnt[11] ; clock_in   ; clock_in ; None                        ; None                      ; 7.475 ns                ;
; N/A                                     ; 122.20 MHz ( period = 8.183 ns )                    ; \deler:cnt[1]  ; \deler:cnt[16] ; clock_in   ; clock_in ; None                        ; None                      ; 7.474 ns                ;
; N/A                                     ; 122.25 MHz ( period = 8.180 ns )                    ; \deler:cnt[19] ; \deler:cnt[24] ; clock_in   ; clock_in ; None                        ; None                      ; 7.471 ns                ;
; N/A                                     ; 122.28 MHz ( period = 8.178 ns )                    ; \deler:cnt[11] ; \deler:cnt[19] ; clock_in   ; clock_in ; None                        ; None                      ; 7.469 ns                ;
; N/A                                     ; 122.46 MHz ( period = 8.166 ns )                    ; \deler:cnt[11] ; \deler:cnt[24] ; clock_in   ; clock_in ; None                        ; None                      ; 7.457 ns                ;
; N/A                                     ; 122.52 MHz ( period = 8.162 ns )                    ; \deler:cnt[1]  ; \deler:cnt[19] ; clock_in   ; clock_in ; None                        ; None                      ; 7.453 ns                ;
; N/A                                     ; 122.53 MHz ( period = 8.161 ns )                    ; \deler:cnt[1]  ; \deler:cnt[20] ; clock_in   ; clock_in ; None                        ; None                      ; 7.452 ns                ;
; N/A                                     ; 122.55 MHz ( period = 8.160 ns )                    ; \deler:cnt[13] ; \deler:cnt[22] ; clock_in   ; clock_in ; None                        ; None                      ; 7.451 ns                ;
; N/A                                     ; 122.58 MHz ( period = 8.158 ns )                    ; \deler:cnt[1]  ; \deler:cnt[21] ; clock_in   ; clock_in ; None                        ; None                      ; 7.449 ns                ;
; N/A                                     ; 122.59 MHz ( period = 8.157 ns )                    ; \deler:cnt[5]  ; \deler:cnt[25] ; clock_in   ; clock_in ; None                        ; None                      ; 7.448 ns                ;
; N/A                                     ; 122.62 MHz ( period = 8.155 ns )                    ; \deler:cnt[8]  ; \deler:cnt[19] ; clock_in   ; clock_in ; None                        ; None                      ; 7.446 ns                ;
; N/A                                     ; 122.65 MHz ( period = 8.153 ns )                    ; \deler:cnt[6]  ; \deler:cnt[21] ; clock_in   ; clock_in ; None                        ; None                      ; 7.444 ns                ;
; N/A                                     ; 122.74 MHz ( period = 8.147 ns )                    ; \deler:cnt[19] ; \deler:cnt[12] ; clock_in   ; clock_in ; None                        ; None                      ; 7.438 ns                ;
; N/A                                     ; 122.79 MHz ( period = 8.144 ns )                    ; \deler:cnt[19] ; s_klok         ; clock_in   ; clock_in ; None                        ; None                      ; 7.435 ns                ;
; N/A                                     ; 122.79 MHz ( period = 8.144 ns )                    ; \deler:cnt[1]  ; \deler:cnt[24] ; clock_in   ; clock_in ; None                        ; None                      ; 7.435 ns                ;
; N/A                                     ; 122.79 MHz ( period = 8.144 ns )                    ; \deler:cnt[14] ; \deler:cnt[22] ; clock_in   ; clock_in ; None                        ; None                      ; 7.435 ns                ;
; N/A                                     ; 122.80 MHz ( period = 8.143 ns )                    ; \deler:cnt[8]  ; \deler:cnt[24] ; clock_in   ; clock_in ; None                        ; None                      ; 7.434 ns                ;
; N/A                                     ; 122.84 MHz ( period = 8.141 ns )                    ; \deler:cnt[19] ; \deler:cnt[13] ; clock_in   ; clock_in ; None                        ; None                      ; 7.432 ns                ;
; N/A                                     ; 122.85 MHz ( period = 8.140 ns )                    ; \deler:cnt[19] ; \deler:cnt[6]  ; clock_in   ; clock_in ; None                        ; None                      ; 7.431 ns                ;
; N/A                                     ; 123.08 MHz ( period = 8.125 ns )                    ; \deler:cnt[24] ; \deler:cnt[0]  ; clock_in   ; clock_in ; None                        ; None                      ; 7.416 ns                ;
; N/A                                     ; 123.20 MHz ( period = 8.117 ns )                    ; \deler:cnt[11] ; \deler:cnt[13] ; clock_in   ; clock_in ; None                        ; None                      ; 7.408 ns                ;
; N/A                                     ; 123.23 MHz ( period = 8.115 ns )                    ; \deler:cnt[13] ; \deler:cnt[26] ; clock_in   ; clock_in ; None                        ; None                      ; 7.406 ns                ;
; N/A                                     ; 123.29 MHz ( period = 8.111 ns )                    ; \deler:cnt[1]  ; \deler:cnt[0]  ; clock_in   ; clock_in ; None                        ; None                      ; 7.402 ns                ;
; N/A                                     ; 123.37 MHz ( period = 8.106 ns )                    ; \deler:cnt[1]  ; \deler:cnt[25] ; clock_in   ; clock_in ; None                        ; None                      ; 7.397 ns                ;
; N/A                                     ; 123.41 MHz ( period = 8.103 ns )                    ; \deler:cnt[4]  ; \deler:cnt[13] ; clock_in   ; clock_in ; None                        ; None                      ; 7.394 ns                ;
; N/A                                     ; 123.47 MHz ( period = 8.099 ns )                    ; \deler:cnt[14] ; \deler:cnt[26] ; clock_in   ; clock_in ; None                        ; None                      ; 7.390 ns                ;
; N/A                                     ; 123.55 MHz ( period = 8.094 ns )                    ; \deler:cnt[7]  ; \deler:cnt[19] ; clock_in   ; clock_in ; None                        ; None                      ; 7.385 ns                ;
; N/A                                     ; 123.69 MHz ( period = 8.085 ns )                    ; \deler:cnt[17] ; \deler:cnt[25] ; clock_in   ; clock_in ; None                        ; None                      ; 7.376 ns                ;
; N/A                                     ; 123.70 MHz ( period = 8.084 ns )                    ; \deler:cnt[18] ; \deler:cnt[24] ; clock_in   ; clock_in ; None                        ; None                      ; 7.375 ns                ;
; N/A                                     ; 123.73 MHz ( period = 8.082 ns )                    ; \deler:cnt[7]  ; \deler:cnt[24] ; clock_in   ; clock_in ; None                        ; None                      ; 7.373 ns                ;
; N/A                                     ; 123.73 MHz ( period = 8.082 ns )                    ; \deler:cnt[11] ; \deler:cnt[21] ; clock_in   ; clock_in ; None                        ; None                      ; 7.373 ns                ;
; N/A                                     ; 123.75 MHz ( period = 8.081 ns )                    ; \deler:cnt[19] ; \deler:cnt[25] ; clock_in   ; clock_in ; None                        ; None                      ; 7.372 ns                ;
; N/A                                     ; 123.76 MHz ( period = 8.080 ns )                    ; \deler:cnt[18] ; \deler:cnt[19] ; clock_in   ; clock_in ; None                        ; None                      ; 7.371 ns                ;
; N/A                                     ; 123.76 MHz ( period = 8.080 ns )                    ; \deler:cnt[13] ; \deler:cnt[18] ; clock_in   ; clock_in ; None                        ; None                      ; 7.371 ns                ;
; N/A                                     ; 123.81 MHz ( period = 8.077 ns )                    ; \deler:cnt[18] ; \deler:cnt[21] ; clock_in   ; clock_in ; None                        ; None                      ; 7.368 ns                ;
; N/A                                     ; 123.87 MHz ( period = 8.073 ns )                    ; \deler:cnt[13] ; \deler:cnt[27] ; clock_in   ; clock_in ; None                        ; None                      ; 7.364 ns                ;
; N/A                                     ; 123.89 MHz ( period = 8.072 ns )                    ; \deler:cnt[6]  ; \deler:cnt[23] ; clock_in   ; clock_in ; None                        ; None                      ; 7.363 ns                ;
; N/A                                     ; 123.89 MHz ( period = 8.072 ns )                    ; \deler:cnt[24] ; \deler:cnt[11] ; clock_in   ; clock_in ; None                        ; None                      ; 7.363 ns                ;
; N/A                                     ; 123.92 MHz ( period = 8.070 ns )                    ; \deler:cnt[10] ; \deler:cnt[22] ; clock_in   ; clock_in ; None                        ; None                      ; 7.361 ns                ;
; N/A                                     ; 124.01 MHz ( period = 8.064 ns )                    ; \deler:cnt[14] ; \deler:cnt[18] ; clock_in   ; clock_in ; None                        ; None                      ; 7.355 ns                ;
; N/A                                     ; 124.08 MHz ( period = 8.059 ns )                    ; \deler:cnt[8]  ; \deler:cnt[21] ; clock_in   ; clock_in ; None                        ; None                      ; 7.350 ns                ;
; N/A                                     ; 124.12 MHz ( period = 8.057 ns )                    ; \deler:cnt[14] ; \deler:cnt[27] ; clock_in   ; clock_in ; None                        ; None                      ; 7.348 ns                ;
; N/A                                     ; 124.16 MHz ( period = 8.054 ns )                    ; \deler:cnt[12] ; \deler:cnt[19] ; clock_in   ; clock_in ; None                        ; None                      ; 7.345 ns                ;
; N/A                                     ; 124.21 MHz ( period = 8.051 ns )                    ; \deler:cnt[4]  ; \deler:cnt[19] ; clock_in   ; clock_in ; None                        ; None                      ; 7.342 ns                ;
; N/A                                     ; 124.27 MHz ( period = 8.047 ns )                    ; \deler:cnt[4]  ; \deler:cnt[21] ; clock_in   ; clock_in ; None                        ; None                      ; 7.338 ns                ;
; N/A                                     ; 124.33 MHz ( period = 8.043 ns )                    ; \deler:cnt[30] ; \deler:cnt[0]  ; clock_in   ; clock_in ; None                        ; None                      ; 7.334 ns                ;
; N/A                                     ; 124.35 MHz ( period = 8.042 ns )                    ; \deler:cnt[12] ; \deler:cnt[24] ; clock_in   ; clock_in ; None                        ; None                      ; 7.333 ns                ;
; N/A                                     ; 124.49 MHz ( period = 8.033 ns )                    ; \deler:cnt[4]  ; \deler:cnt[24] ; clock_in   ; clock_in ; None                        ; None                      ; 7.324 ns                ;
; N/A                                     ; 124.52 MHz ( period = 8.031 ns )                    ; \deler:cnt[18] ; \deler:cnt[12] ; clock_in   ; clock_in ; None                        ; None                      ; 7.322 ns                ;
; N/A                                     ; 124.55 MHz ( period = 8.029 ns )                    ; \deler:cnt[6]  ; \deler:cnt[15] ; clock_in   ; clock_in ; None                        ; None                      ; 7.320 ns                ;
; N/A                                     ; 124.56 MHz ( period = 8.028 ns )                    ; \deler:cnt[18] ; s_klok         ; clock_in   ; clock_in ; None                        ; None                      ; 7.319 ns                ;
; N/A                                     ; 124.61 MHz ( period = 8.025 ns )                    ; \deler:cnt[10] ; \deler:cnt[26] ; clock_in   ; clock_in ; None                        ; None                      ; 7.316 ns                ;
; N/A                                     ; 124.61 MHz ( period = 8.025 ns )                    ; \deler:cnt[18] ; \deler:cnt[13] ; clock_in   ; clock_in ; None                        ; None                      ; 7.316 ns                ;
; N/A                                     ; 124.63 MHz ( period = 8.024 ns )                    ; \deler:cnt[18] ; \deler:cnt[6]  ; clock_in   ; clock_in ; None                        ; None                      ; 7.315 ns                ;
; N/A                                     ; 124.72 MHz ( period = 8.018 ns )                    ; \deler:cnt[6]  ; \deler:cnt[17] ; clock_in   ; clock_in ; None                        ; None                      ; 7.309 ns                ;
; N/A                                     ; 124.75 MHz ( period = 8.016 ns )                    ; \deler:cnt[20] ; \deler:cnt[25] ; clock_in   ; clock_in ; None                        ; None                      ; 7.307 ns                ;
; N/A                                     ; 124.89 MHz ( period = 8.007 ns )                    ; \deler:cnt[6]  ; \deler:cnt[0]  ; clock_in   ; clock_in ; None                        ; None                      ; 7.298 ns                ;
; N/A                                     ; 124.91 MHz ( period = 8.006 ns )                    ; \deler:cnt[16] ; \deler:cnt[22] ; clock_in   ; clock_in ; None                        ; None                      ; 7.297 ns                ;
; N/A                                     ; 124.92 MHz ( period = 8.005 ns )                    ; \deler:cnt[9]  ; \deler:cnt[19] ; clock_in   ; clock_in ; None                        ; None                      ; 7.296 ns                ;
; N/A                                     ; 124.98 MHz ( period = 8.001 ns )                    ; \deler:cnt[11] ; \deler:cnt[23] ; clock_in   ; clock_in ; None                        ; None                      ; 7.292 ns                ;
; N/A                                     ; 125.00 MHz ( period = 8.000 ns )                    ; \deler:cnt[4]  ; \deler:cnt[0]  ; clock_in   ; clock_in ; None                        ; None                      ; 7.291 ns                ;
; N/A                                     ; 125.02 MHz ( period = 7.999 ns )                    ; \deler:cnt[22] ; \deler:cnt[25] ; clock_in   ; clock_in ; None                        ; None                      ; 7.290 ns                ;
; N/A                                     ; 125.03 MHz ( period = 7.998 ns )                    ; \deler:cnt[7]  ; \deler:cnt[21] ; clock_in   ; clock_in ; None                        ; None                      ; 7.289 ns                ;
; N/A                                     ; 125.11 MHz ( period = 7.993 ns )                    ; \deler:cnt[9]  ; \deler:cnt[24] ; clock_in   ; clock_in ; None                        ; None                      ; 7.284 ns                ;
; N/A                                     ; 125.11 MHz ( period = 7.993 ns )                    ; \deler:cnt[12] ; \deler:cnt[13] ; clock_in   ; clock_in ; None                        ; None                      ; 7.284 ns                ;
; N/A                                     ; 125.16 MHz ( period = 7.990 ns )                    ; \deler:cnt[10] ; \deler:cnt[18] ; clock_in   ; clock_in ; None                        ; None                      ; 7.281 ns                ;
; N/A                                     ; 125.16 MHz ( period = 7.990 ns )                    ; \deler:cnt[30] ; \deler:cnt[11] ; clock_in   ; clock_in ; None                        ; None                      ; 7.281 ns                ;
; N/A                                     ; 125.25 MHz ( period = 7.984 ns )                    ; \deler:cnt[2]  ; \deler:cnt[9]  ; clock_in   ; clock_in ; None                        ; None                      ; 7.275 ns                ;
; N/A                                     ; 125.27 MHz ( period = 7.983 ns )                    ; \deler:cnt[10] ; \deler:cnt[27] ; clock_in   ; clock_in ; None                        ; None                      ; 7.274 ns                ;
; N/A                                     ; 125.34 MHz ( period = 7.978 ns )                    ; \deler:cnt[8]  ; \deler:cnt[23] ; clock_in   ; clock_in ; None                        ; None                      ; 7.269 ns                ;
; N/A                                     ; 125.39 MHz ( period = 7.975 ns )                    ; \deler:cnt[29] ; \deler:cnt[16] ; clock_in   ; clock_in ; None                        ; None                      ; 7.266 ns                ;
; N/A                                     ; 125.49 MHz ( period = 7.969 ns )                    ; \deler:cnt[0]  ; \deler:cnt[16] ; clock_in   ; clock_in ; None                        ; None                      ; 7.260 ns                ;
; N/A                                     ; 125.52 MHz ( period = 7.967 ns )                    ; \deler:cnt[5]  ; \deler:cnt[13] ; clock_in   ; clock_in ; None                        ; None                      ; 7.258 ns                ;
; Timing analysis restricted to 200 rows. ; To change the limit use Settings (Assignments menu) ;                ;                ;            ;          ;                             ;                           ;                         ;
+-----------------------------------------+-----------------------------------------------------+----------------+----------------+------------+----------+-----------------------------+---------------------------+-------------------------+


+---------------------------------------------------------------+
; tsu                                                           ;
+-------+--------------+------------+-------+--------+----------+
; Slack ; Required tsu ; Actual tsu ; From  ; To     ; To Clock ;
+-------+--------------+------------+-------+--------+----------+
; N/A   ; None         ; 2.191 ns   ; reset ; s_klok ; clock_in ;
+-------+--------------+------------+-------+--------+----------+


+---------------------------------------------------------------------+
; tco                                                                 ;
+-------+--------------+------------+--------+-----------+------------+
; Slack ; Required tco ; Actual tco ; From   ; To        ; From Clock ;
+-------+--------------+------------+--------+-----------+------------+
; N/A   ; None         ; 10.394 ns  ; s_klok ; clock_uit ; clock_in   ;
+-------+--------------+------------+--------+-----------+------------+


+---------------------------------------------------------------------+
; th                                                                  ;
+---------------+-------------+-----------+-------+--------+----------+
; Minimum Slack ; Required th ; Actual th ; From  ; To     ; To Clock ;
+---------------+-------------+-----------+-------+--------+----------+
; N/A           ; None        ; -1.637 ns ; reset ; s_klok ; clock_in ;
+---------------+-------------+-----------+-------+--------+----------+


+--------------------------+
; Timing Analyzer Messages ;
+--------------------------+
Info: *******************************************************************
Info: Running Quartus II Classic Timing Analyzer
    Info: Version 8.0 Build 231 07/10/2008 Service Pack 1 SJ Web Edition
    Info: Processing started: Fri Mar 20 09:37:42 2009
Info: Command: quartus_tan --read_settings_files=off --write_settings_files=off klok -c klok
Info: Started post-fitting delay annotation
Info: Delay annotation completed successfully
Warning: Found pins functioning as undefined clocks and/or memory enables
    Info: Assuming node "clock_in" is an undefined clock
Info: Clock "clock_in" has Internal fmax of 100.56 MHz between source register "\deler:cnt[19]" and destination register "\deler:cnt[16]" (period= 9.944 ns)
    Info: + Longest register to register delay is 9.235 ns
        Info: 1: + IC(0.000 ns) + CELL(0.000 ns) = 0.000 ns; Loc. = LC_X14_Y10_N0; Fanout = 4; REG Node = '\deler:cnt[19]'
        Info: 2: + IC(2.681 ns) + CELL(0.200 ns) = 2.881 ns; Loc. = LC_X14_Y10_N5; Fanout = 1; COMB Node = 'Equal0~355'
        Info: 3: + IC(1.894 ns) + CELL(0.740 ns) = 5.515 ns; Loc. = LC_X14_Y10_N8; Fanout = 14; COMB Node = 'Equal0~356'
        Info: 4: + IC(2.537 ns) + CELL(1.183 ns) = 9.235 ns; Loc. = LC_X13_Y10_N0; Fanout = 4; REG Node = '\deler:cnt[16]'
        Info: Total cell delay = 2.123 ns ( 22.99 % )
        Info: Total interconnect delay = 7.112 ns ( 77.01 % )
    Info: - Smallest clock skew is 0.000 ns
        Info: + Shortest clock path from clock "clock_in" to destination register is 3.953 ns
            Info: 1: + IC(0.000 ns) + CELL(1.163 ns) = 1.163 ns; Loc. = PIN_J6; Fanout = 33; CLK Node = 'clock_in'
            Info: 2: + IC(1.872 ns) + CELL(0.918 ns) = 3.953 ns; Loc. = LC_X13_Y10_N0; Fanout = 4; REG Node = '\deler:cnt[16]'
            Info: Total cell delay = 2.081 ns ( 52.64 % )
            Info: Total interconnect delay = 1.872 ns ( 47.36 % )
        Info: - Longest clock path from clock "clock_in" to source register is 3.953 ns
            Info: 1: + IC(0.000 ns) + CELL(1.163 ns) = 1.163 ns; Loc. = PIN_J6; Fanout = 33; CLK Node = 'clock_in'
            Info: 2: + IC(1.872 ns) + CELL(0.918 ns) = 3.953 ns; Loc. = LC_X14_Y10_N0; Fanout = 4; REG Node = '\deler:cnt[19]'
            Info: Total cell delay = 2.081 ns ( 52.64 % )
            Info: Total interconnect delay = 1.872 ns ( 47.36 % )
    Info: + Micro clock to output delay of source is 0.376 ns
    Info: + Micro setup delay of destination is 0.333 ns
Info: tsu for register "s_klok" (data pin = "reset", clock pin = "clock_in") is 2.191 ns
    Info: + Longest pin to register delay is 5.811 ns
        Info: 1: + IC(0.000 ns) + CELL(1.163 ns) = 1.163 ns; Loc. = PIN_K6; Fanout = 33; PIN Node = 'reset'
        Info: 2: + IC(3.587 ns) + CELL(1.061 ns) = 5.811 ns; Loc. = LC_X13_Y10_N4; Fanout = 2; REG Node = 's_klok'
        Info: Total cell delay = 2.224 ns ( 38.27 % )
        Info: Total interconnect delay = 3.587 ns ( 61.73 % )
    Info: + Micro setup delay of destination is 0.333 ns
    Info: - Shortest clock path from clock "clock_in" to destination register is 3.953 ns
        Info: 1: + IC(0.000 ns) + CELL(1.163 ns) = 1.163 ns; Loc. = PIN_J6; Fanout = 33; CLK Node = 'clock_in'
        Info: 2: + IC(1.872 ns) + CELL(0.918 ns) = 3.953 ns; Loc. = LC_X13_Y10_N4; Fanout = 2; REG Node = 's_klok'
        Info: Total cell delay = 2.081 ns ( 52.64 % )
        Info: Total interconnect delay = 1.872 ns ( 47.36 % )
Info: tco from clock "clock_in" to destination pin "clock_uit" through register "s_klok" is 10.394 ns
    Info: + Longest clock path from clock "clock_in" to source register is 3.953 ns
        Info: 1: + IC(0.000 ns) + CELL(1.163 ns) = 1.163 ns; Loc. = PIN_J6; Fanout = 33; CLK Node = 'clock_in'
        Info: 2: + IC(1.872 ns) + CELL(0.918 ns) = 3.953 ns; Loc. = LC_X13_Y10_N4; Fanout = 2; REG Node = 's_klok'
        Info: Total cell delay = 2.081 ns ( 52.64 % )
        Info: Total interconnect delay = 1.872 ns ( 47.36 % )
    Info: + Micro clock to output delay of source is 0.376 ns
    Info: + Longest register to pin delay is 6.065 ns
        Info: 1: + IC(0.000 ns) + CELL(0.000 ns) = 0.000 ns; Loc. = LC_X13_Y10_N4; Fanout = 2; REG Node = 's_klok'
        Info: 2: + IC(3.743 ns) + CELL(2.322 ns) = 6.065 ns; Loc. = PIN_G6; Fanout = 0; PIN Node = 'clock_uit'
        Info: Total cell delay = 2.322 ns ( 38.29 % )
        Info: Total interconnect delay = 3.743 ns ( 61.71 % )
Info: th for register "s_klok" (data pin = "reset", clock pin = "clock_in") is -1.637 ns
    Info: + Longest clock path from clock "clock_in" to destination register is 3.953 ns
        Info: 1: + IC(0.000 ns) + CELL(1.163 ns) = 1.163 ns; Loc. = PIN_J6; Fanout = 33; CLK Node = 'clock_in'
        Info: 2: + IC(1.872 ns) + CELL(0.918 ns) = 3.953 ns; Loc. = LC_X13_Y10_N4; Fanout = 2; REG Node = 's_klok'
        Info: Total cell delay = 2.081 ns ( 52.64 % )
        Info: Total interconnect delay = 1.872 ns ( 47.36 % )
    Info: + Micro hold delay of destination is 0.221 ns
    Info: - Shortest pin to register delay is 5.811 ns
        Info: 1: + IC(0.000 ns) + CELL(1.163 ns) = 1.163 ns; Loc. = PIN_K6; Fanout = 33; PIN Node = 'reset'
        Info: 2: + IC(3.587 ns) + CELL(1.061 ns) = 5.811 ns; Loc. = LC_X13_Y10_N4; Fanout = 2; REG Node = 's_klok'
        Info: Total cell delay = 2.224 ns ( 38.27 % )
        Info: Total interconnect delay = 3.587 ns ( 61.73 % )
Info: Quartus II Classic Timing Analyzer was successful. 0 errors, 1 warning
    Info: Peak virtual memory: 140 megabytes
    Info: Processing ended: Fri Mar 20 09:37:43 2009
    Info: Elapsed time: 00:00:01
    Info: Total CPU time (on all processors): 00:00:01


