Analysis & Synthesis report for decoder
Fri May 15 14:09:40 2009
Quartus II Version 8.0 Build 231 07/10/2008 Service Pack 1 SJ Web Edition


---------------------
; Table of Contents ;
---------------------
  1. Legal Notice
  2. Analysis & Synthesis Summary
  3. Analysis & Synthesis Settings
  4. Analysis & Synthesis Source Files Read
  5. Analysis & Synthesis Messages



----------------
; Legal Notice ;
----------------
Copyright (C) 1991-2008 Altera Corporation
Your use of Altera Corporation's design tools, logic functions 
and other software and tools, and its AMPP partner logic 
functions, and any output files from any of the foregoing 
(including device programming or simulation files), and any 
associated documentation or information are expressly subject 
to the terms and conditions of the Altera Program License 
Subscription Agreement, Altera MegaCore Function License 
Agreement, or other applicable license agreement, including, 
without limitation, that your use is for the sole purpose of 
programming logic devices manufactured by Altera and sold by 
Altera or its authorized distributors.  Please refer to the 
applicable agreement for further details.



+----------------------------------------------------------------------------+
; Analysis & Synthesis Summary                                               ;
+-----------------------------+----------------------------------------------+
; Analysis & Synthesis Status ; Failed - Fri May 15 14:09:40 2009            ;
; Quartus II Version          ; 8.0 Build 231 07/10/2008 SP 1 SJ Web Edition ;
; Revision Name               ; decoder                                      ;
; Top-level Entity Name       ; decoder                                      ;
; Family                      ; MAX II                                       ;
+-----------------------------+----------------------------------------------+


+--------------------------------------------------------------------------------------------------------+
; Analysis & Synthesis Settings                                                                          ;
+--------------------------------------------------------------+--------------------+--------------------+
; Option                                                       ; Setting            ; Default Value      ;
+--------------------------------------------------------------+--------------------+--------------------+
; Device                                                       ; EPM2210F324C3      ;                    ;
; Top-level entity name                                        ; decoder            ; decoder            ;
; Family name                                                  ; MAX II             ; Stratix II         ;
; Use Generated Physical Constraints File                      ; Off                ;                    ;
; Use smart compilation                                        ; Off                ; Off                ;
; Maximum processors allowed for parallel compilation          ; 1                  ; 1                  ;
; Restructure Multiplexers                                     ; Auto               ; Auto               ;
; Create Debugging Nodes for IP Cores                          ; Off                ; Off                ;
; Preserve fewer node names                                    ; On                 ; On                 ;
; Disable OpenCore Plus hardware evaluation                    ; Off                ; Off                ;
; Verilog Version                                              ; Verilog_2001       ; Verilog_2001       ;
; VHDL Version                                                 ; VHDL93             ; VHDL93             ;
; State Machine Processing                                     ; Auto               ; Auto               ;
; Safe State Machine                                           ; Off                ; Off                ;
; Extract Verilog State Machines                               ; On                 ; On                 ;
; Extract VHDL State Machines                                  ; On                 ; On                 ;
; Ignore Verilog initial constructs                            ; Off                ; Off                ;
; Iteration limit for constant Verilog loops                   ; 5000               ; 5000               ;
; Iteration limit for non-constant Verilog loops               ; 250                ; 250                ;
; Add Pass-Through Logic to Inferred RAMs                      ; On                 ; On                 ;
; Parallel Synthesis                                           ; Off                ; Off                ;
; NOT Gate Push-Back                                           ; On                 ; On                 ;
; Power-Up Don't Care                                          ; On                 ; On                 ;
; Remove Redundant Logic Cells                                 ; Off                ; Off                ;
; Remove Duplicate Registers                                   ; On                 ; On                 ;
; Ignore CARRY Buffers                                         ; Off                ; Off                ;
; Ignore CASCADE Buffers                                       ; Off                ; Off                ;
; Ignore GLOBAL Buffers                                        ; Off                ; Off                ;
; Ignore ROW GLOBAL Buffers                                    ; Off                ; Off                ;
; Ignore LCELL Buffers                                         ; Off                ; Off                ;
; Ignore SOFT Buffers                                          ; On                 ; On                 ;
; Limit AHDL Integers to 32 Bits                               ; Off                ; Off                ;
; Optimization Technique                                       ; Balanced           ; Balanced           ;
; Carry Chain Length                                           ; 70                 ; 70                 ;
; Auto Carry Chains                                            ; On                 ; On                 ;
; Auto Open-Drain Pins                                         ; On                 ; On                 ;
; Perform WYSIWYG Primitive Resynthesis                        ; Off                ; Off                ;
; Perform gate-level register retiming                         ; Off                ; Off                ;
; Allow register retiming to trade off Tsu/Tco with Fmax       ; On                 ; On                 ;
; Auto Shift Register Replacement                              ; Auto               ; Auto               ;
; Auto Clock Enable Replacement                                ; On                 ; On                 ;
; Allow Synchronous Control Signals                            ; On                 ; On                 ;
; Force Use of Synchronous Clear Signals                       ; Off                ; Off                ;
; Auto Resource Sharing                                        ; Off                ; Off                ;
; Ignore translate_off and synthesis_off directives            ; Off                ; Off                ;
; Show Parameter Settings Tables in Synthesis Report           ; On                 ; On                 ;
; Ignore Maximum Fan-Out Assignments                           ; Off                ; Off                ;
; Synchronization Register Chain Length                        ; 2                  ; 2                  ;
; PowerPlay Power Optimization                                 ; Normal compilation ; Normal compilation ;
; HDL message level                                            ; Level2             ; Level2             ;
; Suppress Register Optimization Related Messages              ; Off                ; Off                ;
; Number of Removed Registers Reported in Synthesis Report     ; 100                ; 100                ;
; Number of Inverted Registers Reported in Synthesis Report    ; 100                ; 100                ;
; Clock MUX Protection                                         ; On                 ; On                 ;
; Block Design Naming                                          ; Auto               ; Auto               ;
; Synthesis Effort                                             ; Auto               ; Auto               ;
; Shift Register Replacement - Allow Asynchronous Clear Signal ; On                 ; On                 ;
+--------------------------------------------------------------+--------------------+--------------------+


+-------------------------------------------------------------------------------------------------------------------------------------------------------------------------+
; Analysis & Synthesis Source Files Read                                                                                                                                  ;
+----------------------------------+-----------------+-----------+--------------------------------------------------------------------------------------------------------+
; File Name with User-Entered Path ; Used in Netlist ; File Type ; File Name with Absolute Path                                                                           ;
+----------------------------------+-----------------+-----------+--------------------------------------------------------------------------------------------------------+
; decoder.vhd                      ; yes             ; Other     ; C:/Users/Sarah Stinissen/Desktop/alles wa met Gip te maken heeft/Opnieuw programma/decoder/decoder.vhd ;
+----------------------------------+-----------------+-----------+--------------------------------------------------------------------------------------------------------+


+-------------------------------+
; Analysis & Synthesis Messages ;
+-------------------------------+
Info: *******************************************************************
Info: Running Quartus II Analysis & Synthesis
    Info: Version 8.0 Build 231 07/10/2008 Service Pack 1 SJ Web Edition
    Info: Processing started: Fri May 15 14:09:39 2009
Info: Command: quartus_map --read_settings_files=on --write_settings_files=off decoder -c decoder
Warning: Using design file decoder.vhd, which is not specified as a design file for the current project, but contains definitions for 2 design units and 1 entities in project
    Info: Found design unit 1: decoder-gedrag
    Info: Found entity 1: decoder
Info: Elaborating entity "decoder" for the top level hierarchy
Error (10321): VHDL error at decoder.vhd(43): choice ""000101"" overlaps with a previous choice File: C:/Users/Sarah Stinissen/Desktop/alles wa met Gip te maken heeft/Opnieuw programma/decoder/decoder.vhd Line: 43
Error (10321): VHDL error at decoder.vhd(73): choice ""110111"" overlaps with a previous choice File: C:/Users/Sarah Stinissen/Desktop/alles wa met Gip te maken heeft/Opnieuw programma/decoder/decoder.vhd Line: 73
Error (10321): VHDL error at decoder.vhd(74): choice ""101111"" overlaps with a previous choice File: C:/Users/Sarah Stinissen/Desktop/alles wa met Gip te maken heeft/Opnieuw programma/decoder/decoder.vhd Line: 74
Error (10321): VHDL error at decoder.vhd(75): choice ""100111"" overlaps with a previous choice File: C:/Users/Sarah Stinissen/Desktop/alles wa met Gip te maken heeft/Opnieuw programma/decoder/decoder.vhd Line: 75
Error (10321): VHDL error at decoder.vhd(76): choice ""011111"" overlaps with a previous choice File: C:/Users/Sarah Stinissen/Desktop/alles wa met Gip te maken heeft/Opnieuw programma/decoder/decoder.vhd Line: 76
Error (10321): VHDL error at decoder.vhd(77): choice ""010111"" overlaps with a previous choice File: C:/Users/Sarah Stinissen/Desktop/alles wa met Gip te maken heeft/Opnieuw programma/decoder/decoder.vhd Line: 77
Error (10321): VHDL error at decoder.vhd(78): choice ""001111"" overlaps with a previous choice File: C:/Users/Sarah Stinissen/Desktop/alles wa met Gip te maken heeft/Opnieuw programma/decoder/decoder.vhd Line: 78
Error (10321): VHDL error at decoder.vhd(79): choice ""000111"" overlaps with a previous choice File: C:/Users/Sarah Stinissen/Desktop/alles wa met Gip te maken heeft/Opnieuw programma/decoder/decoder.vhd Line: 79
Error: Can't elaborate top-level user hierarchy
Error: Quartus II Analysis & Synthesis was unsuccessful. 9 errors, 1 warning
    Error: Peak virtual memory: 189 megabytes
    Error: Processing ended: Fri May 15 14:09:41 2009
    Error: Elapsed time: 00:00:02
    Error: Total CPU time (on all processors): 00:00:02


