Flow report for decoder
Fri May 15 14:09:40 2009
Quartus II Version 8.0 Build 231 07/10/2008 Service Pack 1 SJ Web Edition


---------------------
; Table of Contents ;
---------------------
  1. Legal Notice
  2. Flow Summary
  3. Flow Settings
  4. Flow Non-Default Global Settings
  5. Flow Elapsed Time
  6. Flow Log



----------------
; Legal Notice ;
----------------
Copyright (C) 1991-2008 Altera Corporation
Your use of Altera Corporation's design tools, logic functions 
and other software and tools, and its AMPP partner logic 
functions, and any output files from any of the foregoing 
(including device programming or simulation files), and any 
associated documentation or information are expressly subject 
to the terms and conditions of the Altera Program License 
Subscription Agreement, Altera MegaCore Function License 
Agreement, or other applicable license agreement, including, 
without limitation, that your use is for the sole purpose of 
programming logic devices manufactured by Altera and sold by 
Altera or its authorized distributors.  Please refer to the 
applicable agreement for further details.



+------------------------------------------------------------------------+
; Flow Summary                                                           ;
+-------------------------+----------------------------------------------+
; Flow Status             ; Flow Failed - Fri May 15 14:09:40 2009       ;
; Quartus II Version      ; 8.0 Build 231 07/10/2008 SP 1 SJ Web Edition ;
; Revision Name           ; decoder                                      ;
; Top-level Entity Name   ; decoder                                      ;
; Family                  ; MAX II                                       ;
; Device                  ; EPM2210F324C3                                ;
; Timing Models           ; Final                                        ;
; Met timing requirements ; N/A                                          ;
+-------------------------+----------------------------------------------+


+-----------------------------------------+
; Flow Settings                           ;
+-------------------+---------------------+
; Option            ; Setting             ;
+-------------------+---------------------+
; Start date & time ; 05/15/2009 14:09:39 ;
; Main task         ; Compilation         ;
; Revision Name     ; decoder             ;
+-------------------+---------------------+


+----------------------------------------------------------------------------------------------------------------+
; Flow Non-Default Global Settings                                                                               ;
+---------------------------------------+-----------------------------+---------------+-------------+------------+
; Assignment Name                       ; Value                       ; Default Value ; Entity Name ; Section Id ;
+---------------------------------------+-----------------------------+---------------+-------------+------------+
; COMPILER_SIGNATURE_ID                 ; 93132839357.124238937906012 ; --            ; --          ; --         ;
; MAX_CORE_JUNCTION_TEMP                ; 85                          ; --            ; --          ; --         ;
; MIN_CORE_JUNCTION_TEMP                ; 0                           ; --            ; --          ; --         ;
; POWER_EXT_SUPPLY_VOLTAGE_TO_REGULATOR ; 3.3V                        ; --            ; --          ; --         ;
; USE_GENERATED_PHYSICAL_CONSTRAINTS    ; Off                         ; --            ; --          ; eda_palace ;
+---------------------------------------+-----------------------------+---------------+-------------+------------+


+--------------------------------------------------------------------------------------------------------------------------+
; Flow Elapsed Time                                                                                                        ;
+----------------------+--------------+-------------------------+---------------------+------------------------------------+
; Module Name          ; Elapsed Time ; Average Processors Used ; Peak Virtual Memory ; Total CPU Time (on all processors) ;
+----------------------+--------------+-------------------------+---------------------+------------------------------------+
; Analysis & Synthesis ; 00:00:01     ; 1.0                     ; 189 MB              ; 00:00:02                           ;
; Total                ; 00:00:01     ; --                      ; --                  ; 00:00:02                           ;
+----------------------+--------------+-------------------------+---------------------+------------------------------------+


------------
; Flow Log ;
------------
quartus_map --read_settings_files=on --write_settings_files=off decoder -c decoder



